<?xml version="1.0" encoding="UTF-8"?>
<!-- Generated by org.testng.reporters.JUnitXMLReporter -->
<testsuite hostname="Apples-MacBook-Pro.local" ignored="0" name="Default test" tests="4" failures="0" timestamp="2022-03-06T15:20:11 EST" time="33.615" errors="0">
  <testcase name="loginWithWrongEmailPasswordTest" time="2.665" classname="tests.LoginTest"/>
  <testcase name="loginWithEmptyEmailTest" time="2.573" classname="tests.LoginTest"/>
  <testcase name="loginWithEmptyPasswordTest" time="2.488" classname="tests.LoginTest"/>
  <testcase name="loginWithSpecialCharEmailTest" time="2.529" classname="tests.LoginTest"/>
</testsuite> <!-- Default test -->
