<?xml version="1.0" encoding="UTF-8"?>
<!-- Generated by org.testng.reporters.JUnitXMLReporter -->
<testsuite ignored="0" hostname="Apples-MacBook-Pro.local" failures="0" tests="4" name="Test" time="36.216" errors="0" timestamp="06 Mar 2022 19:27:47 GMT">
  <testcase classname="tests.LoginTest" name="loginWithWrongEmailPasswordTest" time="2.412"/>
  <testcase classname="tests.LoginTest" name="loginWithEmptyEmailTest" time="2.503"/>
  <testcase classname="tests.LoginTest" name="loginWithEmptyPasswordTest" time="3.433"/>
  <testcase classname="tests.LoginTest" name="loginWithSpecialCharEmailTest" time="2.41"/>
</testsuite> <!-- Test -->
